21:19:52.060  ConfigSystem(383): -> NoSuchFieldException(fake.properties): ?######
21:19:52.111  Abuse: Loaded 18 abuse words.
21:19:52.167  loading xml GMAccess
21:19:52.220  MLog clients using java 1.4+ standard logging.
21:19:52.379  Initializing c3p0-0.9.1.2 [built 21-May-2007 15:04:56; debug? true; trace: 10]
21:19:52.495  Initializing c3p0 pool... com.mchange.v2.c3p0.ComboPooledDataSource [ acquireIncrement -> 5, acquireRetryAttempts -> 0, acquireRetryDelay -> 100, autoCommitOnClose -> true, automaticTestTable -> null, breakAfterAcquireFailure -> false, checkoutTimeout -> 0, connectionCustomizerClassName -> null, connectionTesterClassName -> com.mchange.v2.c3p0.impl.DefaultConnectionTester, dataSourceName -> 1hge15wayighf0ekmurto|60438a68, debugUnreturnedConnectionStackTraces -> false, description -> null, driverClass -> com.mysql.jdbc.Driver, factoryClassLocation -> null, forceIgnoreUnresolvedTransactions -> false, identityToken -> 1hge15wayighf0ekmurto|60438a68, idleConnectionTestPeriod -> 60, initialPoolSize -> 1, jdbcUrl -> jdbc:mysql://localhost/l2tehno?useUnicode=true&characterEncoding=UTF-8, maxAdministrativeTaskTime -> 0, maxConnectionAge -> 0, maxIdleTime -> 600, maxIdleTimeExcessConnections -> 0, maxPoolSize -> 1000, maxStatements -> 100, maxStatementsPerConnection -> 10, minPoolSize -> 1, numHelperThreads -> 5, numThreadsAwaitingCheckoutDefaultUser -> 0, preferredTestQuery -> null, properties -> {user=******, password=******}, propertyCycle -> 0, testConnectionOnCheckin -> false, testConnectionOnCheckout -> false, unreturnedConnectionTimeout -> 0, usesTraditionalReflectiveProxies -> false ]
21:19:52.805  Clear characters online status and accesslevel.
21:19:52.835  Total cleaned: 0, updated: 0 elements in database.
21:19:52.858  IdFactory: Table items contains 74 rows
21:19:52.858  IdFactory: Table clan_data contains 0 rows
21:19:52.858  IdFactory: Table characters contains 6 rows
21:19:52.860  IdFactory: Table ally_data contains 0 rows
21:19:52.860  IdFactory: Table pets contains 0 rows
21:19:52.861  IdFactory: Table couples contains 0 rows
21:19:52.862  IdFactory: Extracting 80 used id's from data tables...
21:19:52.863  IdFactory: Extracted 0 used id's from clan_data
21:19:52.863  IdFactory: Extracted 6 used id's from characters
21:19:52.864  IdFactory: Extracted 74 used id's from items
21:19:52.865  IdFactory: Extracted 0 used id's from ally_data
21:19:52.865  IdFactory: Extracted 0 used id's from couples
21:19:52.866  IdFactory: Extracted 0 used id's from pets
21:19:52.866  IdFactory: Successfully extracted 80 used id's from data tables.
21:19:52.866  IDFactory: 102912 id's available.
21:19:53.164  CrestCache: Loaded 0 crests
21:19:53.176  Initializing AuctionManager
21:19:53.268  Loaded: 38 active auction(s)
21:19:56.967  PTS HTML: ./data/html-ru.zip loaded 4163ms...
21:19:58.016  SkillsEngine: Loaded 61827 skill templates from XML files. Max id: 26077, max level: 259
21:19:58.016  SkillsEngine: Loaded 1616 custom skill templates from XML files.
21:19:59.384  L2Skill5: [2139][1][TARGET_ONE][range][not_friend]
21:19:59.391  L2Skill5: [2260][1][TARGET_ONE][single][none]
21:19:59.396  L2Skill5: [2353][1][TARGET_ONE][static_object_scope][hidden_place]
21:19:59.400  L2Skill5: [2624][1][TARGET_ONE][single][none]
21:19:59.444  L2Skill5: [4143][1][TARGET_ONE][point_blank][not_friend]
21:19:59.452  L2Skill5: [4212][1][TARGET_ONE][range][friend]
21:19:59.466  L2Skill5: [4483][1][TARGET_ONE][point_blank][not_friend]
21:19:59.467  L2Skill5: [4488][1][TARGET_ONE][point_blank][not_friend]
21:19:59.468  L2Skill5: [4524][1][TARGET_ONE][single][none]
21:19:59.480  L2Skill5: [4697][1][TARGET_ONE][point_blank][not_friend]
21:19:59.494  L2Skill5: [5037][1][TARGET_ONE][point_blank][not_friend]
21:19:59.494  L2Skill5: [5039][1][TARGET_ONE][single][none]
21:19:59.495  L2Skill5: [5051][1][TARGET_ONE][point_blank][not_friend]
21:19:59.495  L2Skill5: [5054][1][TARGET_ONE][point_blank][not_friend]
21:19:59.498  L2Skill5: [5104][1][TARGET_ONE][single][none]
21:19:59.499  L2Skill5: [5105][1][TARGET_ONE][single][none]
21:19:59.499  L2Skill5: [5114][1][TARGET_ONE][point_blank][not_friend]
21:19:59.500  L2Skill5: [5117][1][TARGET_ONE][point_blank][not_friend]
21:19:59.500  L2Skill5: [5123][1][TARGET_ONE][point_blank][friend]
21:19:59.501  L2Skill5: [5124][1][TARGET_ONE][point_blank][not_friend]
21:19:59.501  L2Skill5: [5125][1][TARGET_ONE][point_blank][friend]
21:19:59.501  L2Skill5: [5126][1][TARGET_ONE][point_blank][friend]
21:19:59.501  L2Skill5: [5127][1][TARGET_ONE][point_blank][friend]
21:19:59.501  L2Skill5: [5128][1][TARGET_ONE][point_blank][friend]
21:19:59.502  L2Skill5: [5129][1][TARGET_ONE][point_blank][friend]
21:19:59.502  L2Skill5: [5130][1][TARGET_ONE][point_blank][not_friend]
21:19:59.502  L2Skill5: [5131][1][TARGET_ONE][point_blank][not_friend]
21:19:59.502  L2Skill5: [5132][1][TARGET_ONE][point_blank][not_friend]
21:19:59.502  L2Skill5: [5133][1][TARGET_ONE][point_blank][not_friend]
21:19:59.502  L2Skill5: [5134][1][TARGET_ONE][point_blank][not_friend]
21:19:59.502  L2Skill5: [5145][1][TARGET_ONE][point_blank][not_friend]
21:19:59.506  L2Skill5: [5202][1][TARGET_ONE][point_blank][not_friend]
21:19:59.506  L2Skill5: [5203][1][TARGET_ONE][point_blank][not_friend]
21:19:59.506  L2Skill5: [5204][1][TARGET_ONE][single][none]
21:19:59.507  L2Skill5: [5239][1][TARGET_ONE][single][none]
21:19:59.508  L2Skill5: [5248][1][TARGET_ONE][single][none]
21:19:59.508  L2Skill5: [5252][1][TARGET_ONE][single][none]
21:19:59.508  L2Skill5: [5257][1][TARGET_ONE][single][none]
21:19:59.510  L2Skill5: [5275][1][TARGET_ONE][point_blank][not_friend]
21:19:59.511  L2Skill5: [5279][1][TARGET_ONE][point_blank][not_friend]
21:19:59.511  L2Skill5: [5283][1][TARGET_ONE][point_blank][not_friend]
21:19:59.512  L2Skill5: [5287][1][TARGET_ONE][point_blank][not_friend]
21:19:59.512  L2Skill5: [5291][1][TARGET_ONE][point_blank][not_friend]
21:19:59.513  L2Skill5: [5295][1][TARGET_ONE][point_blank][not_friend]
21:19:59.514  L2Skill5: [5306][1][TARGET_ONE][point_blank][not_friend]
21:19:59.517  L2Skill5: [5340][1][TARGET_ONE][point_blank][not_friend]
21:19:59.517  L2Skill5: [5344][1][TARGET_ONE][point_blank][not_friend]
21:19:59.518  L2Skill5: [5348][1][TARGET_ONE][point_blank][not_friend]
21:19:59.518  L2Skill5: [5352][1][TARGET_ONE][point_blank][not_friend]
21:19:59.519  L2Skill5: [5356][1][TARGET_ONE][point_blank][not_friend]
21:19:59.519  L2Skill5: [5360][1][TARGET_ONE][point_blank][not_friend]
21:19:59.521  L2Skill5: [5366][1][TARGET_ONE][point_blank][not_friend]
21:19:59.522  L2Skill5: [5375][1][TARGET_ONE][point_blank][not_friend]
21:19:59.524  L2Skill5: [5379][1][TARGET_ONE][point_blank][not_friend]
21:19:59.524  L2Skill5: [5382][1][TARGET_ONE][point_blank][not_friend]
21:19:59.525  L2Skill5: [5385][1][TARGET_ONE][point_blank][not_friend]
21:19:59.526  L2Skill5: [5388][1][TARGET_ONE][point_blank][not_friend]
21:19:59.527  L2Skill5: [5391][1][TARGET_ONE][point_blank][not_friend]
21:19:59.528  L2Skill5: [5423][1][TARGET_ONE][point_blank][not_friend]
21:19:59.528  L2Skill5: [5424][1][TARGET_ONE][point_blank][not_friend]
21:19:59.528  L2Skill5: [5430][1][TARGET_ONE][range][clan]
21:19:59.530  L2Skill5: [5447][1][TARGET_ONE][single][none]
21:19:59.533  L2Skill5: [5494][1][TARGET_ONE][single][none]
21:19:59.535  L2Skill5: [5591][1][TARGET_ONE][single][none]
21:19:59.536  L2Skill5: [5619][1][TARGET_ONE][single][none]
21:19:59.540  L2Skill5: [5660][1][TARGET_ONE][single][none]
21:19:59.540  L2Skill5: [5689][1][TARGET_ONE][single][none]
21:19:59.540  L2Skill5: [5697][1][TARGET_ONE][single][none]
21:19:59.541  L2Skill5: [5699][1][TARGET_ONE][single][none]
21:19:59.542  L2Skill5: [5713][1][TARGET_ONE][single][none]
21:19:59.544  L2Skill5: [5751][1][TARGET_ONE][point_blank][not_friend]
21:19:59.545  L2Skill5: [5756][1][TARGET_ONE][single][none]
21:19:59.550  L2Skill5: [5772][1][TARGET_ONE][single][none]
21:19:59.550  L2Skill5: [5773][1][TARGET_ONE][single][none]
21:19:59.551  L2Skill5: [5799][1][TARGET_ONE][point_blank][not_friend]
21:19:59.552  L2Skill5: [5836][1][TARGET_ONE][point_blank][clan]
21:19:59.552  L2Skill5: [5847][1][TARGET_ONE][point_blank][none]
21:19:59.554  L2Skill5: [5887][1][TARGET_ONE][point_blank][not_friend]
21:19:59.555  L2Skill5: [5923][1][TARGET_ONE][single][none]
21:19:59.555  L2Skill5: [5937][1][TARGET_ONE][single][none]
21:19:59.557  L2Skill5: [6020][1][TARGET_ONE][single][none]
21:19:59.558  L2Skill5: [6021][1][TARGET_ONE][single][none]
21:19:59.558  L2Skill5: [6022][1][TARGET_ONE][single][none]
21:19:59.558  L2Skill5: [6023][1][TARGET_ONE][single][none]
21:19:59.558  L2Skill5: [6034][1][TARGET_ONE][single][none]
21:19:59.560  L2Skill5: [6090][1][TARGET_ONE][single][none]
21:19:59.560  L2Skill5: [6092][1][TARGET_ONE][single][none]
21:19:59.565  L2Skill5: [6270][1][TARGET_ONE][point_blank][none]
21:19:59.566  L2Skill5: [6298][1][TARGET_ONE][single][none]
21:19:59.566  L2Skill5: [6301][1][TARGET_ONE][point_blank][not_friend]
21:19:59.566  L2Skill5: [6305][1][TARGET_ONE][point_blank][not_friend]
21:19:59.567  L2Skill5: [6316][1][TARGET_ONE][single][none]
21:19:59.567  L2Skill5: [6320][1][TARGET_ONE][point_blank][not_friend]
21:19:59.570  L2Skill5: [6372][1][TARGET_ONE][single][none]
21:19:59.571  L2Skill5: [6374][1][TARGET_ONE][single][none]
21:19:59.572  L2Skill5: [6375][1][TARGET_ONE][single][none]
21:19:59.576  L2Skill5: [6398][1][TARGET_ONE][ring_range][not_friend]
21:19:59.580  L2Skill5: [6415][1][TARGET_ONE][point_blank][not_friend]
21:19:59.615  L2Skill5: [6422][1][TARGET_ONE][point_blank][not_friend]
21:20:00.096  L2Skill5: [6754][1][TARGET_ONE][point_blank][not_friend]
21:20:00.098  L2Skill5: [6769][1][TARGET_ONE][point_blank][not_friend]
21:20:00.099  L2Skill5: [6777][1][TARGET_ONE][point_blank][not_friend]
21:20:00.099  L2Skill5: [6779][1][TARGET_ONE][single][none]
21:20:00.103  L2Skill5: [6835][1][TARGET_ONE][single][none]
21:20:00.104  L2Skill5: [6841][1][TARGET_ONE][single][none]
21:20:00.104  L2Skill5: [6858][1][TARGET_ONE][single][none]
21:20:00.104  L2Skill5: [6864][1][TARGET_ONE][single][none]
21:20:00.104  L2Skill5: [6868][1][TARGET_ONE][single][none]
21:20:00.203  PTS HTML: ./data/html-en.zip loaded 3236ms...
21:20:00.206  Loaded 418 translit entrys
21:20:00.216  L2Skill5: [9011][1][TARGET_ONE][single][none]
21:20:00.216  L2Skill5: [9011][1][TARGET_ONE][single][none]
21:20:00.217  L2Skill5: [9011][1][TARGET_ONE][single][none]
21:20:00.217  L2Skill5: [9012][1][TARGET_ONE][single][none]
21:20:00.217  L2Skill5: [9012][1][TARGET_ONE][single][none]
21:20:00.217  L2Skill5: [9012][1][TARGET_ONE][single][none]
21:20:00.218  L2Skill5: [9012][1][TARGET_ONE][single][none]
21:20:00.218  L2Skill5: [9012][1][TARGET_ONE][single][none]
21:20:00.218  L2Skill5: [9012][1][TARGET_ONE][single][none]
21:20:00.218  L2Skill5: [9013][1][TARGET_ONE][single][none]
21:20:00.218  L2Skill5: [9013][1][TARGET_ONE][single][none]
21:20:00.218  L2Skill5: [9013][1][TARGET_ONE][single][none]
21:20:00.218  L2Skill5: [9013][1][TARGET_ONE][single][none]
21:20:00.219  L2Skill5: [9013][1][TARGET_ONE][single][none]
21:20:00.219  L2Skill5: [9013][1][TARGET_ONE][single][none]
21:20:00.219  L2Skill5: [9013][1][TARGET_ONE][single][none]
21:20:00.219  L2Skill5: [9014][1][TARGET_ONE][single][none]
21:20:00.219  L2Skill5: [9014][1][TARGET_ONE][single][none]
21:20:00.220  L2Skill5: [9014][1][TARGET_ONE][single][none]
21:20:00.221  L2Skill5: [9014][1][TARGET_ONE][single][none]
21:20:00.221  L2Skill5: [9014][1][TARGET_ONE][single][none]
21:20:00.222  L2Skill5: [9014][1][TARGET_ONE][single][none]
21:20:00.222  L2Skill5: [9014][1][TARGET_ONE][single][none]
21:20:00.222  L2Skill5: [9014][1][TARGET_ONE][single][none]
21:20:00.222  L2Skill5: [9014][1][TARGET_ONE][single][none]
21:20:00.223  L2Skill5: [9014][1][TARGET_ONE][single][none]
21:20:00.223  L2Skill5: [9014][1][TARGET_ONE][single][none]
21:20:00.223  L2Skill5: [9014][1][TARGET_ONE][single][none]
21:20:00.223  L2Skill5: [9014][1][TARGET_ONE][single][none]
21:20:00.224  L2Skill5: [9014][1][TARGET_ONE][single][none]
21:20:00.224  L2Skill5: [9014][1][TARGET_ONE][single][none]
21:20:00.225  L2Skill5: [9060][1][TARGET_ONE][point_blank][friend]
21:20:00.231  L2Skill5: [21005][1][TARGET_ONE][single][none]
21:20:00.231  L2Skill5: [21052][1][TARGET_ONE][single][none]
21:20:00.232  L2Skill5: [21055][1][TARGET_ONE][single][none]
21:20:00.232  L2Skill5: [21056][1][TARGET_ONE][single][none]
21:20:00.232  L2Skill5: [21061][1][TARGET_ONE][single][none]
21:20:00.232  L2Skill5: [21063][1][TARGET_ONE][single][none]
21:20:00.232  L2Skill5: [21071][1][TARGET_ONE][single][none]
21:20:00.232  L2Skill5: [21086][1][TARGET_ONE][single][none]
21:20:00.233  L2Skill5: [21153][1][TARGET_ONE][single][none]
21:20:00.233  L2Skill5: [21154][1][TARGET_ONE][single][none]
21:20:00.234  L2Skill5: [21170][1][TARGET_ONE][single][none]
21:20:00.241  L2Skill5: [23165][1][TARGET_ONE][single][none]
21:20:00.244  L2Skill5: [23298][1][TARGET_ONE][single][none]
21:20:00.245  L2Skill5: [23308][1][TARGET_ONE][point_blank][friend]
21:20:00.245  L2Skill5: [23309][1][TARGET_ONE][point_blank][friend]
21:20:00.245  L2Skill5: [23310][1][TARGET_ONE][point_blank][friend]
21:20:00.245  L2Skill5: [23311][1][TARGET_ONE][point_blank][friend]
21:20:00.518  CubicManager: Loaded 145 cubics.
21:20:00.750  PetSkillsTable: Loaded 2671 skills.
21:20:02.084  WARNING: item 20711 action attached skill not done: Box of Dynasty Armor[id=9105,lvl=1]
21:20:03.198  XmlOptionDataLoader: Loaded 24975 templates.
21:20:03.248  XmlArmorLoader: Loaded 0 Custom Armors
21:20:03.248  XmlArmorLoader: Loaded 3554 Armors
21:20:03.248  XmlArmorLoader: Loaded 240 Rare Armors
21:20:03.248  XmlArmorLoader: Loaded 58 PvP Armors
21:20:05.016  XmlWeaponLoader: Loaded 0 Custom Weapons
21:20:05.017  XmlWeaponLoader: Loaded 4001 Weapons
21:20:05.017  XmlWeaponLoader: Loaded 794 Rare Weapons
21:20:05.017  XmlWeaponLoader: Loaded 558 PvP Weapons
21:20:05.017  XmlWeaponLoader: Loaded 1667 SA Weapons
21:20:05.017  XmlWeaponLoader: Loaded 283 Trigger for Weapons
21:20:05.017  XmlWeaponLoader: Loaded 262 Pole Weapons
21:20:07.271  XmlEtcItemLoader: Loaded 0 Custom EtcItems
21:20:07.271  XmlEtcItemLoader: Loaded 10855 EtcItems
21:20:07.360  TradeController: Loaded 4 file(s).
21:20:07.360  TradeController: Loaded 23181 Items.
21:20:07.360  TradeController: Loaded 702 Buylists.
21:20:07.802  RecipeController: Loaded 1000 Recipes.
21:21:12.481  SkillTreeTable: Loaded 17098 skills.
21:21:12.481  SkillTreeTable: Loaded 109 fishing skills.
21:21:12.481  SkillTreeTable: Loaded 20 transformation skills.
21:21:12.481  SkillTreeTable: Loaded 64 clan skills.
21:21:12.481  SkillTreeTable: Loaded 526 enchanted skills.
21:21:12.481  SkillTreeTable: Loaded 18 pledge skills.
21:21:12.481  SkillTreeTable: Loaded 74 certification skills.
21:21:12.481  SkillTreeTable: Loaded 0 other skills.
21:21:12.482  SkillTreeTable: Loaded 21 Transfer skills for Bishop.
21:21:12.482  SkillTreeTable: Loaded 24 Transfer skills for Elder.
21:21:12.482  SkillTreeTable: Loaded 32 Transfer skills for Silen Elder.
21:21:12.485  SkillSpellbookTable: Loaded 386 Spellbooks.
21:21:12.486  PTS ArmorEnchantBonusData: Finish loading data fo 0 ms...
21:21:12.496  CharTemplateTable: Loaded 206 Character Templates.
21:21:12.500  NpcTable: Loaded 779 AI params for 666 NPCs.
21:21:12.661  Scripts loading...
21:21:12.662  Scripts start parse class...
21:21:13.096  Scripts end parse class...
21:21:18.798  Scripts end compile class...
21:21:19.711  Scripts successfully loaded. Loaded 1292 classes.
21:21:20.244  NpcTable: Loaded 10463 Npc Templates.
21:21:20.493  Loaded 118801 npc skills.
21:21:20.636  Players droplist load skipped
21:21:20.639  NpcTable: Loaded 597 Minions.
21:21:20.641  NpcTable: Loaded 1641 SkillLearn entrys.
21:21:20.674  PTS NpcDataPch: Finish loading data size: 10195 fo 32 ms...
21:21:20.679  HennaTable: Loaded 180 Templates.
21:21:20.762  HennaTreeTable: Loaded 8134 Henna Tree Templates.
21:21:20.765  LevelUpData: Loaded 103 Character Level Up Templates.
21:21:20.775  L2World: [255][271][63] World Region Grid set up.
21:21:20.776  GeoEngine: Loading Geodata...
21:21:20.776  GeoEngine: Loaded 0 map(s), max layers: 1
21:21:22.097  DoorTable: Loaded 1030 doors.
21:21:22.258  TerritoryTable: Loaded 9976 locations
21:21:22.359  ZoneManager: Loaded 1649 zones
21:21:22.442  TerritoryTable: Added 1642 locations to L2World
21:21:22.443  Loaded: 1 UnderGround Colliseums.
21:21:22.547  Loaded: 9 castles.
21:21:22.595  correctSiegeDateTime[START][1693333282579][1693333282579]: Siege of Gludio: Sun Sep 03 16:00:00 MSK 2023
21:21:22.596  correctSiegeDateTime[FINISH][1693333282595][1693333282595]: Siege of Gludio: Sun Sep 03 16:00:00 MSK 2023
21:21:22.599  Siege of Gludio: Sun Sep 03 16:00:00 MSK 2023
21:21:22.604  correctSiegeDateTime[START][1693333282604][1693333282604]: Siege of Dion: Sun Sep 03 16:00:00 MSK 2023
21:21:22.604  correctSiegeDateTime[FINISH][1693333282604][1693333282604]: Siege of Dion: Sun Sep 03 16:00:00 MSK 2023
21:21:22.612  Siege of Dion: Sun Sep 03 16:00:00 MSK 2023
21:21:22.618  correctSiegeDateTime[START][1693333282618][1693333282618]: Siege of Giran: Sun Sep 03 16:00:00 MSK 2023
21:21:22.618  correctSiegeDateTime[FINISH][1693333282618][1693333282618]: Siege of Giran: Sun Sep 03 16:00:00 MSK 2023
21:21:22.619  Siege of Giran: Sun Sep 03 16:00:00 MSK 2023
21:21:22.624  correctSiegeDateTime[START][1693333282624][1693333282624]: Siege of Oren: Sun Sep 03 16:00:00 MSK 2023
21:21:22.624  correctSiegeDateTime[FINISH][1693333282624][1693333282624]: Siege of Oren: Sun Sep 03 16:00:00 MSK 2023
21:21:22.626  Siege of Oren: Sun Sep 03 16:00:00 MSK 2023
21:21:22.633  correctSiegeDateTime[START][1693333282633][1693333282633]: Siege of Aden: Sun Sep 03 16:00:00 MSK 2023
21:21:22.633  correctSiegeDateTime[FINISH][1693333282633][1693333282633]: Siege of Aden: Sun Sep 03 16:00:00 MSK 2023
21:21:22.636  Siege of Aden: Sun Sep 03 16:00:00 MSK 2023
21:21:22.638  correctSiegeDateTime[START][1693333282638][1693333282638]: Siege of Innadril: Sun Sep 03 16:00:00 MSK 2023
21:21:22.639  correctSiegeDateTime[FINISH][1693333282639][1693333282639]: Siege of Innadril: Sun Sep 03 16:00:00 MSK 2023
21:21:22.641  Siege of Innadril: Sun Sep 03 16:00:00 MSK 2023
21:21:22.645  correctSiegeDateTime[START][1693333282645][1693333282645]: Siege of Goddard: Sun Sep 03 16:00:00 MSK 2023
21:21:22.646  correctSiegeDateTime[FINISH][1693333282646][1693333282646]: Siege of Goddard: Sun Sep 03 16:00:00 MSK 2023
21:21:22.649  Siege of Goddard: Sun Sep 03 16:00:00 MSK 2023
21:21:22.652  correctSiegeDateTime[START][1693333282652][1693333282652]: Siege of Rune: Sun Sep 03 16:00:00 MSK 2023
21:21:22.652  correctSiegeDateTime[FINISH][1693333282652][1693333282652]: Siege of Rune: Sun Sep 03 16:00:00 MSK 2023
21:21:22.659  Siege of Rune: Sun Sep 03 16:00:00 MSK 2023
21:21:22.664  correctSiegeDateTime[START][1693333282664][1693333282664]: Siege of Schuttgart: Sun Sep 03 16:00:00 MSK 2023
21:21:22.664  correctSiegeDateTime[FINISH][1693333282664][1693333282664]: Siege of Schuttgart: Sun Sep 03 16:00:00 MSK 2023
21:21:22.665  Siege of Schuttgart: Sun Sep 03 16:00:00 MSK 2023
21:21:22.666  Initializing FortressManager
21:21:22.911  Loaded: 21 fortresses.
21:21:22.960  Initializing ClanHallManager.
21:21:23.309  Loaded: 44 ClanHalls.
21:21:23.326  110 doors attached to ClanHalls
21:21:23.332  Siege of Bandit Stronghold : Fri Sep 01 21:00:00 MSK 2023
21:21:23.336  Siege of Wild Beasts Farm : Fri Sep 01 21:00:00 MSK 2023
21:21:23.340  Siege of Rainbow Springs Chateau : Fri Sep 01 22:00:00 MSK 2023
21:21:23.356  TerritorySiege: load 9 town spawns.
21:21:23.363  TerritorySiege: load 9 castle spawns.
21:21:23.367  TerritorySiege: load 9 fortress spawns.
21:21:23.369  Territory Siege: 02.09.2023 20:00:27
21:21:23.372  Manor System: Initializing...
21:21:23.381  SeedOfAnnihilationManager: Load Manager.
21:21:23.509  RaidBossSpawnManager: Loaded 0 Statuses
21:21:23.816  Naia Tower Manager: Loaded 12 rooms
21:21:24.129  Spawned 4000 npc
21:21:24.267  Spawned 7000 npc
21:21:24.313  Spawned 8000 npc
21:21:24.360  Spawned 9000 npc
21:21:24.524  Spawned 13000 npc
21:21:25.496  Spawned 20000 npc
21:21:25.556  Spawned 21000 npc
21:21:25.616  Spawned 22000 npc
21:21:25.672  Spawned 23000 npc
21:21:25.865  Spawned 26000 npc
21:21:25.938  Spawned 27000 npc
21:21:26.561  Spawned 30000 npc
21:21:26.621  Hellbound Manager: Current Level is 1
21:21:26.621  Hellbound Manager: Current Points is 0
21:21:26.670  Spawned 31000 npc
21:21:26.748  Spawned 32000 npc
21:21:26.910  Spawned 34000 npc
21:21:26.983  Spawned 35000 npc
21:21:27.473  Spawned 36000 npc
21:21:27.554  Spawned 37000 npc
21:21:27.634  Spawned 38000 npc
21:21:27.767  Spawned 39000 npc
21:21:27.851  Spawned 40000 npc
21:21:27.939  Spawned 41000 npc
21:21:28.134  Spawned 42000 npc
21:21:28.204  SevenSigns: Currently in the Competition (Quest Event) period!
21:21:28.204  SevenSigns: The Seal of Avarice remains unclaimed.
21:21:28.204  SevenSigns: The Seal of Gnosis remains unclaimed.
21:21:28.204  SevenSigns: The Seal of Strife remains unclaimed.
21:21:28.204  SevenSigns: The Competition this week, if the trend continue, will end with a tie.
21:21:28.205  SevenSigns: Next period begins in 5 days, 20 hours and 38 mins.
21:21:28.205  SpawnTable: Loaded 18204 Npc Spawn Locations. Total NPCs: 42167
21:21:28.206  Monsters inventory loaded, items: 0
21:21:28.285  Short statistics in the commynity board has been updated.
21:21:28.288  Loaded Service: change sex services.
21:21:28.289  Loaded Service: change name services.
21:21:28.289  Loaded Service: change clan name services.
21:21:28.289  Loaded Service: change base class services.
21:21:28.289  Loaded Service: separate services.
21:21:28.291  Loaded Event: L2 Rabbits To Riches Event [state: deactivated]
21:21:28.315  Loaded Quest: 1001: Wake Up Baium
21:21:28.331  CommunityBoard: Simple Lottery games loaded.
21:21:28.332  CommunityBoard: Simple Lottery games played 0.
21:21:28.334  CommunityBoard: Simple Lottery jackpot is 0 Adena.
21:21:28.341  Loaded Event: GvG
21:21:28.381  Loaded Service: NPCBuffer [state: deactivated]
21:21:28.390  SailrenManager: State of Sailren is NOTSPAWN.
21:21:28.391  SailrenManager: Next spawn date of Sailren is Thu Jan 01 03:00:00 MSK 1970.
21:21:28.394  Loaded Service: Bash [disabled]
21:21:28.409  Loaded Service: Pagan Doormans
21:21:28.426  Beleth Manager: Loaded successfuly
21:21:28.432  Loaded Quest: 1004: Ice Fairy Sirra
21:21:28.441  Loaded Event: Fight Club
21:21:28.445  Loaded Quest: 1202: Crystal Caverns
21:21:28.448  Loaded Event: L2 Medal Collection Event [state: deactivated]
21:21:28.469  Loaded Service: Roulette
21:21:28.470  Loaded Service: Evolve Wolf
21:21:28.473  Loaded Event: TvT Arena 3 [state: deactivated]
21:21:28.474  Loaded Event: TvT Arena 2 [state: deactivated]
21:21:28.474  Loaded Event: TvT Arena 1 [state: deactivated]
21:21:28.495  Load 297 teleport points.
21:21:28.496  Loaded Service: Teleport to Fantasy Isle
21:21:28.498  AntharasManager: State of Antharas is NOTSPAWN.
21:21:28.498  AntharasManager: Next spawn date of Antharas is 03:00 01.01.1970.
21:21:28.504  Loaded Event: Victorina
21:21:28.508  ManorManager: Loaded 270 seeds
21:21:28.535  Loaded Service: Item Broker
21:21:28.537  Loaded Service: Evolve Improved Baby Kookaburra
21:21:28.539  Loaded Event: Gludin Arena
21:21:28.540  Loaded Service: Summon a corpse
21:21:28.551  Loaded Event: The Fall Harvest [state: deactivated]
21:21:28.561  Loaded Quest: 1201: Dark Cloud Mansion
21:21:28.576  Loaded Event: Underground Arena #1
21:21:28.586  Loaded Event: MasterOfEnchanting [state: deactivated]
21:21:28.608  Loaded Event: CtF active.
21:21:28.620  MonasteryOfSilence: Loaded
21:21:28.638  ZakenManager: Init Zaken Manager.
21:21:28.645  CommunityBoard: Premium Lottery games loaded.
21:21:28.649  CommunityBoard: Premium Lottery games played 0.
21:21:28.651  CommunityBoard: Premium Lottery jackpot is 0 Gold Einhasad.
21:21:28.657  OnActionShift Loaded
21:21:28.664  Loaded Event: Coffer of Shadows [state: deactivated]
21:21:28.672  Kamaloka Gate Loaded
21:21:28.675  LastImperialTombSpawnlist: Loaded 180 Room1 1st Npc Spawn Locations.
21:21:28.675  LastImperialTombSpawnlist: Loaded 4 Room2 Inside Npc Spawn Locations.
21:21:28.675  LastImperialTombSpawnlist: Loaded 121 Room2 Outside Npc Spawn Locations.
21:21:28.681  Unevenly distributed hash code - Degraded Preformance
21:21:28.687  FishTable: Loaded 270 Fishes.
21:21:28.691  FishRewardsTable: Loaded 919 FishRewards.
21:21:28.708  Loaded Service: Isle of Player Race
21:21:28.710  Loaded Service: Teleport to catacombs
21:21:28.712  Loaded Service: Villagemasters [Clan Operations]
21:21:28.723  Loaded Service: NPC RemoveDeathPenalty
21:21:28.723  Loaded Service: VitaminManager...
21:21:28.724  Loaded Event: Change of Heart[state: deactivated]
21:21:28.725  Loaded Service: Clan function.
21:21:28.748  Loaded Service: Villagemasters [Alliance Operations]
21:21:28.757  Loaded Service: Evolve Improved Baby Cougar
21:21:28.761  Loaded Service: Villagemasters [Changing occupations]
21:21:28.769  Loaded Event: AutoAnnouncer [state: deactivated]
21:21:28.783  Utilites Loaded
21:21:28.786  Loaded Service: Nick color change
21:21:28.788  MonasteryOfSilenceGame: Loaded
21:21:28.803  Loaded Service: ClanHall Pet Evolution
21:21:28.836  Loaded Event: Last Hunter
21:21:28.860  npc_id=29068 time=0
21:21:28.860  npc_id=29068 state=0
21:21:28.860  npc_id=29020 time=0
21:21:28.860  npc_id=29028 time=0
21:21:28.860  npc_id=29062 time=0
21:21:28.860  npc_id=29065 time=0
21:21:28.860  npc_id=29065 state=0
21:21:28.860  npc_id=29186 time=0
21:21:28.861  Full statistics in the commynity board has been updated.
21:21:28.862  Loaded Service: Expand Inventory
21:21:28.863  Loaded Quest: 1003: Sailren
21:21:28.867  Loaded Event: TvT
21:21:28.870  Loaded Service: Obtain Talisman
21:21:28.872  Loaded Event: SavingSnowman [state: deactivated]
21:21:28.876  Loaded Service: Tower
21:21:28.876  Loaded Event: Dion Arena
21:21:28.890  Loaded Service: Window
21:21:28.901  Loaded Event: The Flow Of The Horror [state: deactivated]
21:21:28.904  Loaded Event: Tournament [state: deactivated]
21:21:28.924  Loaded Service: Bonus [state: deactivated]
21:21:28.931  Loaded Service: Evolve Improved Baby Buffalo
21:21:28.936  Loaded Service: Evolve Fenrir
21:21:28.939  Loaded Event: L2Coins [state: deactivated]
21:21:28.941  Loaded Service: CWH Privileges
21:21:28.947  Loaded Event: Bounty Hunters Guild
21:21:28.955  Loaded Service: Hero Items
21:21:28.956  Loaded Service: 1103: Oracle Teleport
21:21:28.975  Loaded Event: Christmas [state: deactivated]
21:21:28.983  Lindvior Manager Load.
21:21:28.987  Loaded Service: Nobless sell
21:21:28.995  Loaded Service: SubClass sell
21:21:28.995  Loaded Service: Border Outpost Doormans
21:21:28.998  Loaded Service: Pushkin
21:21:29.009  MarcketLoad Loaded...
21:21:29.024  Loaded Service: Rate bonus
21:21:29.026  Unevenly distributed hash code - Degraded Preformance
21:21:29.029  Loaded Successful
21:21:29.085  FourSepulchersManager: Loaded 20 Mysterious-Box spawns.
21:21:29.107  FourSepulchersManager: loaded 716 physical monsters spawns.
21:21:29.126  FourSepulchersManager: loaded 716 magical monsters spawns.
21:21:29.131  FourSepulchersManager: loaded 92 Church of duke monsters spawns.
21:21:29.135  FourSepulchersManager: loaded 68 Emperor's grave NPC spawns.
21:21:29.135  FourSepulchersManager: Spawned Conquerors Sepulcher Manager
21:21:29.135  FourSepulchersManager: Spawned Emperors Sepulcher Manager
21:21:29.136  FourSepulchersManager: Spawned Great Sages Sepulcher Manager
21:21:29.136  FourSepulchersManager: Spawned Judges Sepulcher Manager
21:21:29.137  FourSepulchersManager: Beginning in Attack time
21:21:29.139  Tue Aug 29 21:21:29 MSK 2023 Atk announce scheduled to 25.0 minute of this hour.
21:21:29.140  Loaded Event: Reward of Honor [state: deactivated]
21:21:29.145  Loaded Event: l2day [state: deactivated]
21:21:29.149  Loaded Service: Mana Regen
21:21:29.153  Loaded Service: Grand Isle of Prayer Race
21:21:29.154  Loaded Service: Teleport to Race Track
21:21:29.159  Loaded Service: Expand CWH
21:21:29.165  Loaded Service: Ride Hire
21:21:29.176  [EnhanceYourWeapon] Loaded 54 Soul Crystal data.
21:21:29.176  [EnhanceYourWeapon] Loaded 240 npc Leveling info data.
21:21:29.178  Loaded Event: March 8 [state: deactivated]
21:21:29.184  ValakasManager: State of Valakas is NOTSPAWN.
21:21:29.185  ValakasManager: Next spawn date of Valakas is 03:00 01.01.1970.
21:21:29.190  Loaded Event: Giran Arena
21:21:29.196  CommunityBoard: Forge Enchant: false
21:21:29.196  CommunityBoard: Forge Attribut: false
21:21:29.196  CommunityBoard: Forge Augment: false
21:21:29.201  MercTicketManager: Initializing
21:21:29.203  MercTicketManager: Loaded 0 Mercenary Tickets
21:21:29.209  Loaded Service: Rate bonus
21:21:29.218  Loaded Event: Last Hero
21:21:29.311  PetDataTable: Loaded 3834[50] pets.
21:21:29.315  Seed Of Destruction closed.
21:21:29.319  Loaded Service: Fantasy Isle
21:21:29.322  Loaded Service: DropItem
21:21:29.324  Loaded Event: Simple [state: deactivated]
21:21:29.325  Loaded Service: Enter Hellbound Island
21:21:29.326  Loaded Service: Level manipulation
21:21:29.329  BaiumManager: State of Baium is NOTSPAWN.
21:21:29.330  Loaded Boss: Baium. Next spawn date: Thu Jan 01 03:00:00 MSK 1970
21:21:29.330  Loaded Service: Expand Warehouse
21:21:29.345  Loaded Service: Fort Info
21:21:29.353  DimensionalRiftManager: Loaded 13 room types with 112 rooms.
21:21:29.353  DimensionalRiftManager: Loaded 300 dimensional rift spawns, 0 errors.
21:21:29.385  InstancedZoneManager: Loaded 96 zones with 114 rooms.
21:21:29.389  InstancedZoneManager: Loaded 740 instanced location spawns, 0 errors.
21:21:29.394  config/announcements.txt doesn't exist
21:21:29.489  Initializing AugmentationData.
21:21:29.511  StaticObject: Loaded 29 StaticObject Templates.
21:21:29.524  AutoSpawnHandler: Loaded 50 handlers in total.
21:21:29.530  AutoChatHandler: Loaded 14 handlers in total.
21:21:29.536  Olympiad System: Loading Olympiad System....
21:21:29.536  Olympiad System: Currently in Olympiad Period
21:21:29.536  Olympiad System: In 2 days, 2 hours and 38 mins.
21:21:29.536  Olympiad System: Next Weekly Change is in....
21:21:29.536  Olympiad System: In 8 days, 14 hours and 38 mins.
21:21:29.536  Olympiad System: Loaded 2 Noblesses
21:21:29.537  Olympiad System: Competition Period Starts in 0 days, 0 hours and 0 mins.
21:21:29.537  Olympiad System: Event starts/started: Tue Aug 29 18:00:00 MSK 2023
21:21:29.538  Olympiad System:[Disable] Start custom reward 22:45 29.08.2023.
21:21:29.538  Olympiad System: End custom reward 00:00 30.08.2023.
21:21:29.540  Hero System: Loaded 0 Heroes.
21:21:29.540  Hero System: Loaded 0 all time Heroes.
21:21:29.543  CursedWeaponsManager: Loaded 0 cursed weapon(s).
21:21:29.544  PlayerRewardManager: set_noble[0] inc_pvp[0] inc_pc[0].
21:21:29.545  Seed of Infinity Manager: Current Cycle is 1
21:21:29.546  Naia Core Manager: Loaded
21:21:29.547  Initializing CoupleManager
21:21:29.547  Loaded: 0 couples(s)
21:21:29.548  CoupleManager initialized
21:21:29.548  ItemHandler: Loaded 2519 handlers.
21:21:29.548  AdminCommandHandler: Loaded 495 handlers.
21:21:29.548  UserCommandHandler: Loaded 17 handlers.
21:21:29.548  VoicedCommandHandler: Loaded 69 handlers.
21:21:29.556  Initializing L2VehicleManager
21:21:29.561  Olympiad System: Olympiad Game Started
21:21:29.562  L2VehicleManager: Loaded 6 vehicles.
21:21:29.565  AirShipDocksTable: Loaded 5 docks.
21:21:29.567  IdFactory: Free ObjectID's remaining: 1878997534
21:21:29.572  TeleportController: Loaded 600 locations.
21:21:29.578  ItemMall: loaded 556 item templates.
21:21:29.580  ItemMall: loaded 184 items available for trading.
21:21:29.582  AutoRestart scheduled through 7h 39m
21:21:29.598  ItemAuctionManager: Missing item_auctions.xml!
21:21:29.600  Blood Altar Manager: Initializing...
21:21:29.607  GameServer Started
21:21:29.607  Maximum Numbers of Connected Players: 3000
21:21:30.025  GameServer: Connecting to LoginServer on 192.168.1.100:9014
21:21:31.048  Restored 0 offline traders
21:21:31.070  Registered on login as Server 1 : 
21:21:36.260  Telnet server is currently disabled.
21:21:36.260  =================================================
21:21:36.262  AllowedMemory: ........... 8184192 KB
21:21:36.262       Allocated: .......... 8184192 KB (100.0%)
21:21:36.262       Non-Allocated: ...... 0 KB (0.0%)
21:21:36.262  AllocatedMemory: ......... 8184192 KB
21:21:36.262       Used: ............... 1238163 KB (15.1287%)
21:21:36.262       Unused (cached): .... 6946028 KB (84.8713%)
21:21:36.262  UseableMemory: ........... 6946028 KB (84.8713%)
21:21:36.262  =================================================
21:21:36.262  MinProtocolRevision: 267
21:21:43.863  npc_id=29068 time=0
21:21:43.864  npc_id=29068 state=0
21:21:43.864  npc_id=29020 time=0
21:21:43.864  npc_id=29020 state=0
21:21:43.864  npc_id=29028 time=0
21:21:43.864  npc_id=29028 state=0
21:21:43.864  npc_id=29062 time=0
21:21:43.864  npc_id=29065 time=0
21:21:43.864  npc_id=29065 state=0
21:21:43.864  npc_id=29186 time=0
21:21:43.864  npc_id=29186 state=0
21:21:47.518  max_p_size: 7
21:21:48.057  max_p_size: 267
21:21:48.073  RequestAuthLogin: 50
21:21:48.074  RequestAuthLogin: 32
21:21:49.654  XmlArmorsetLoader: Loaded 168 armor sets.
21:21:49.733  XmlPcParameterLoader: Loaded 107 pc_parameters
21:21:52.838  RequestAuthLogin: 52
21:21:52.838  RequestAuthLogin: 32
21:21:56.862  FriendsTable: Loaded 0 friends.
21:22:16.030  SendBypassBuildCmd: admin
21:22:53.472  SendBypassBuildCmd: delete
21:29:14.777  SimpleLottery: Store Jackpot
